# JRE version: OpenJDK Runtime Environment (8.0_242-b01) (build 1.8.0_242-release-1644-b01)
# Java VM: OpenJDK 64-Bit Server VM (25.242-b01 mixed mode windows-amd64 compressed oops)
Heap:
 PSYoungGen      total 355840K, used 29038K [0x00000000e0000000, 0x00000000fc080000, 0x0000000100000000)
  eden space 314368K, 0% used [0x00000000e0000000,0x00000000e0000000,0x00000000f3300000)
  from space 41472K, 70% used [0x00000000f3300000,0x00000000f4f5b918,0x00000000f5b80000)
  to   space 41984K, 0% used [0x00000000f9780000,0x00000000f9780000,0x00000000fc080000)
 ParOldGen       total 140288K, used 89685K [0x00000000a0000000, 0x00000000a8900000, 0x00000000e0000000)
  object space 140288K, 63% used [0x00000000a0000000,0x00000000a5795548,0x00000000a8900000)
 Metaspace       used 94015K, capacity 98480K, committed 98600K, reserved 1134592K
  class space    used 12011K, capacity 12884K, committed 12968K, reserved 1048576K
GC Heap History (10 events):
Event: 1029.534 GC heap after
Heap after GC invocations=18 (full 3):
 PSYoungGen      total 355840K, used 29905K [0x00000000e0000000, 0x00000000fab00000, 0x0000000100000000)
  eden space 325632K, 0% used [0x00000000e0000000,0x00000000e0000000,0x00000000f3e00000)
  from space 30208K, 98% used [0x00000000f7200000,0x00000000f8f34528,0x00000000f8f80000)
  to   space 28160K, 0% used [0x00000000f8f80000,0x00000000f8f80000,0x00000000fab00000)
 ParOldGen       total 140288K, used 89661K [0x00000000a0000000, 0x00000000a8900000, 0x00000000e0000000)
  object space 140288K, 63% used [0x00000000a0000000,0x00000000a578f548,0x00000000a8900000)
 Metaspace       used 90636K, capacity 94528K, committed 94760K, reserved 1132544K
  class space    used 11740K, capacity 12534K, committed 12584K, reserved 1048576K
}
Event: 1381.284 GC heap before
{Heap before GC invocations=19 (full 3):
 PSYoungGen      total 355840K, used 355537K [0x00000000e0000000, 0x00000000fab00000, 0x0000000100000000)
  eden space 325632K, 100% used [0x00000000e0000000,0x00000000f3e00000,0x00000000f3e00000)
  from space 30208K, 98% used [0x00000000f7200000,0x00000000f8f34528,0x00000000f8f80000)
  to   space 28160K, 0% used [0x00000000f8f80000,0x00000000f8f80000,0x00000000fab00000)
 ParOldGen       total 140288K, used 89661K [0x00000000a0000000, 0x00000000a8900000, 0x00000000e0000000)
  object space 140288K, 63% used [0x00000000a0000000,0x00000000a578f548,0x00000000a8900000)
 Metaspace       used 92261K, capacity 96176K, committed 96424K, reserved 1132544K
  class space    used 11896K, capacity 12704K, committed 12712K, reserved 1048576K
Event: 1381.328 GC heap after
Heap after GC invocations=19 (full 3):
 PSYoungGen      total 335360K, used 21941K [0x00000000e0000000, 0x00000000fa500000, 0x0000000100000000)
  eden space 313344K, 0% used [0x00000000e0000000,0x00000000e0000000,0x00000000f3200000)
  from space 22016K, 99% used [0x00000000f8f80000,0x00000000fa4ed4d8,0x00000000fa500000)
  to   space 43008K, 0% used [0x00000000f5100000,0x00000000f5100000,0x00000000f7b00000)
 ParOldGen       total 140288K, used 89669K [0x00000000a0000000, 0x00000000a8900000, 0x00000000e0000000)
  object space 140288K, 63% used [0x00000000a0000000,0x00000000a5791548,0x00000000a8900000)
 Metaspace       used 92261K, capacity 96176K, committed 96424K, reserved 1132544K
  class space    used 11896K, capacity 12704K, committed 12712K, reserved 1048576K
}
Event: 1391.677 GC heap before
{Heap before GC invocations=20 (full 3):
 PSYoungGen      total 335360K, used 335285K [0x00000000e0000000, 0x00000000fa500000, 0x0000000100000000)
  eden space 313344K, 100% used [0x00000000e0000000,0x00000000f3200000,0x00000000f3200000)
  from space 22016K, 99% used [0x00000000f8f80000,0x00000000fa4ed4d8,0x00000000fa500000)
  to   space 43008K, 0% used [0x00000000f5100000,0x00000000f5100000,0x00000000f7b00000)
 ParOldGen       total 140288K, used 89669K [0x00000000a0000000, 0x00000000a8900000, 0x00000000e0000000)
  object space 140288K, 63% used [0x00000000a0000000,0x00000000a5791548,0x00000000a8900000)
 Metaspace       used 93302K, capacity 97218K, committed 97320K, reserved 1134592K
  class space    used 11918K, capacity 12739K, committed 12840K, reserved 1048576K
Event: 1391.726 GC heap after
Heap after GC invocations=20 (full 3):
 PSYoungGen      total 328704K, used 26782K [0x00000000e0000000, 0x00000000f9000000, 0x0000000100000000)
  eden space 301568K, 0% used [0x00000000e0000000,0x00000000e0000000,0x00000000f2680000)
  from space 27136K, 98% used [0x00000000f5100000,0x00000000f6b278c8,0x00000000f6b80000)
  to   space 37376K, 0% used [0x00000000f6b80000,0x00000000f6b80000,0x00000000f9000000)
 ParOldGen       total 140288K, used 89677K [0x00000000a0000000, 0x00000000a8900000, 0x00000000e0000000)
  object space 140288K, 63% used [0x00000000a0000000,0x00000000a5793548,0x00000000a8900000)
 Metaspace       used 93302K, capacity 97218K, committed 97320K, reserved 1134592K
  class space    used 11918K, capacity 12739K, committed 12840K, reserved 1048576K
}
Event: 1440.359 GC heap before
{Heap before GC invocations=21 (full 3):
 PSYoungGen      total 328704K, used 328350K [0x00000000e0000000, 0x00000000f9000000, 0x0000000100000000)
  eden space 301568K, 100% used [0x00000000e0000000,0x00000000f2680000,0x00000000f2680000)
  from space 27136K, 98% used [0x00000000f5100000,0x00000000f6b278c8,0x00000000f6b80000)
  to   space 37376K, 0% used [0x00000000f6b80000,0x00000000f6b80000,0x00000000f9000000)
 ParOldGen       total 140288K, used 89677K [0x00000000a0000000, 0x00000000a8900000, 0x00000000e0000000)
  object space 140288K, 63% used [0x00000000a0000000,0x00000000a5793548,0x00000000a8900000)
 Metaspace       used 93991K, capacity 98480K, committed 98600K, reserved 1134592K
  class space    used 12011K, capacity 12884K, committed 12968K, reserved 1048576K
Event: 1440.415 GC heap after
Heap after GC invocations=21 (full 3):
 PSYoungGen      total 315392K, used 24647K [0x00000000e0000000, 0x00000000f8400000, 0x0000000100000000)
  eden space 290304K, 0% used [0x00000000e0000000,0x00000000e0000000,0x00000000f1b80000)
  from space 25088K, 98% used [0x00000000f6b80000,0x00000000f8391fd8,0x00000000f8400000)
  to   space 41472K, 0% used [0x00000000f3300000,0x00000000f3300000,0x00000000f5b80000)
 ParOldGen       total 140288K, used 89685K [0x00000000a0000000, 0x00000000a8900000, 0x00000000e0000000)
  object space 140288K, 63% used [0x00000000a0000000,0x00000000a5795548,0x00000000a8900000)
 Metaspace       used 93991K, capacity 98480K, committed 98600K, reserved 1134592K
  class space    used 12011K, capacity 12884K, committed 12968K, reserved 1048576K
}
Event: 1440.602 GC heap before
{Heap before GC invocations=22 (full 3):
 PSYoungGen      total 315392K, used 54875K [0x00000000e0000000, 0x00000000f8400000, 0x0000000100000000)
  eden space 290304K, 10% used [0x00000000e0000000,0x00000000e1d84f18,0x00000000f1b80000)
  from space 25088K, 98% used [0x00000000f6b80000,0x00000000f8391fd8,0x00000000f8400000)
  to   space 41472K, 0% used [0x00000000f3300000,0x00000000f3300000,0x00000000f5b80000)
 ParOldGen       total 140288K, used 89685K [0x00000000a0000000, 0x00000000a8900000, 0x00000000e0000000)
  object space 140288K, 63% used [0x00000000a0000000,0x00000000a5795548,0x00000000a8900000)
 Metaspace       used 94015K, capacity 98480K, committed 98600K, reserved 1134592K
  class space    used 12011K, capacity 12884K, committed 12968K, reserved 1048576K
Event: 1440.646 GC heap after
Heap after GC invocations=22 (full 3):
 PSYoungGen      total 355840K, used 29038K [0x00000000e0000000, 0x00000000fc080000, 0x0000000100000000)
  eden space 314368K, 0% used [0x00000000e0000000,0x00000000e0000000,0x00000000f3300000)
  from space 41472K, 70% used [0x00000000f3300000,0x00000000f4f5b918,0x00000000f5b80000)
  to   space 41984K, 0% used [0x00000000f9780000,0x00000000f9780000,0x00000000fc080000)
 ParOldGen       total 140288K, used 89685K [0x00000000a0000000, 0x00000000a8900000, 0x00000000e0000000)
  object space 140288K, 63% used [0x00000000a0000000,0x00000000a5795548,0x00000000a8900000)
 Metaspace       used 94015K, capacity 98480K, committed 98600K, reserved 1134592K
  class space    used 12011K, capacity 12884K, committed 12968K, reserved 1048576K
}
Event: 1440.646 GC heap before
{Heap before GC invocations=23 (full 4):
 PSYoungGen      total 355840K, used 29038K [0x00000000e0000000, 0x00000000fc080000, 0x0000000100000000)
  eden space 314368K, 0% used [0x00000000e0000000,0x00000000e0000000,0x00000000f3300000)
  from space 41472K, 70% used [0x00000000f3300000,0x00000000f4f5b918,0x00000000f5b80000)
  to   space 41984K, 0% used [0x00000000f9780000,0x00000000f9780000,0x00000000fc080000)
 ParOldGen       total 140288K, used 89685K [0x00000000a0000000, 0x00000000a8900000, 0x00000000e0000000)
  object space 140288K, 63% used [0x00000000a0000000,0x00000000a5795548,0x00000000a8900000)
 Metaspace       used 94015K, capacity 98480K, committed 98600K, reserved 1134592K
  class space    used 12011K, capacity 12884K, committed 12968K, reserved 1048576K

